C:\USERS\HG\DOCUMENTS\VISUAL STUDIO 2010\PROJECTS\MYFACE100\DEBUG\MYFACE100.EXE
C:\USERS\HG\DOCUMENTS\VISUAL STUDIO 2010\PROJECTS\MYFACE100\DEBUG\MYFACE100.EXE.MANIFEST
C:\Users\HG\Documents\Visual Studio 2010\Projects\myFace100\Debug\myFace100.exp
C:\USERS\HG\DOCUMENTS\VISUAL STUDIO 2010\PROJECTS\MYFACE100\DEBUG\MYFACE100.ILK
C:\Users\HG\Documents\Visual Studio 2010\Projects\myFace100\Debug\myFace100.lib
C:\USERS\HG\DOCUMENTS\VISUAL STUDIO 2010\PROJECTS\MYFACE100\DEBUG\MYFACE100.PDB
C:\Users\HG\Documents\Visual Studio 2010\Projects\myFace100\myFace100\Debug\cl.command.1.tlog
C:\Users\HG\Documents\Visual Studio 2010\Projects\myFace100\myFace100\Debug\CL.read.1.tlog
C:\Users\HG\Documents\Visual Studio 2010\Projects\myFace100\myFace100\Debug\CL.write.1.tlog
C:\USERS\HG\DOCUMENTS\VISUAL STUDIO 2010\PROJECTS\MYFACE100\MYFACE100\DEBUG\GLBATCH.OBJ
C:\USERS\HG\DOCUMENTS\VISUAL STUDIO 2010\PROJECTS\MYFACE100\MYFACE100\DEBUG\GLEW.OBJ
C:\USERS\HG\DOCUMENTS\VISUAL STUDIO 2010\PROJECTS\MYFACE100\MYFACE100\DEBUG\GLSHADERMANAGER.OBJ
C:\USERS\HG\DOCUMENTS\VISUAL STUDIO 2010\PROJECTS\MYFACE100\MYFACE100\DEBUG\GLTOOLS.OBJ
C:\USERS\HG\DOCUMENTS\VISUAL STUDIO 2010\PROJECTS\MYFACE100\MYFACE100\DEBUG\GLTRIANGLEBATCH.OBJ
C:\Users\HG\Documents\Visual Studio 2010\Projects\myFace100\myFace100\Debug\link.command.1.tlog
C:\Users\HG\Documents\Visual Studio 2010\Projects\myFace100\myFace100\Debug\link.read.1.tlog
C:\Users\HG\Documents\Visual Studio 2010\Projects\myFace100\myFace100\Debug\link.write.1.tlog
C:\USERS\HG\DOCUMENTS\VISUAL STUDIO 2010\PROJECTS\MYFACE100\MYFACE100\DEBUG\MAIN.OBJ
C:\USERS\HG\DOCUMENTS\VISUAL STUDIO 2010\PROJECTS\MYFACE100\MYFACE100\DEBUG\MATH3D.OBJ
C:\Users\HG\Documents\Visual Studio 2010\Projects\myFace100\myFace100\Debug\mt.command.1.tlog
C:\Users\HG\Documents\Visual Studio 2010\Projects\myFace100\myFace100\Debug\mt.read.1.tlog
C:\Users\HG\Documents\Visual Studio 2010\Projects\myFace100\myFace100\Debug\mt.write.1.tlog
C:\USERS\HG\DOCUMENTS\VISUAL STUDIO 2010\PROJECTS\MYFACE100\MYFACE100\DEBUG\MYFACE100.EXE.INTERMEDIATE.MANIFEST
C:\Users\HG\Documents\Visual Studio 2010\Projects\myFace100\myFace100\Debug\myFace100.write.1.tlog
C:\Users\HG\Documents\Visual Studio 2010\Projects\myFace100\myFace100\Debug\vc100.idb
C:\USERS\HG\DOCUMENTS\VISUAL STUDIO 2010\PROJECTS\MYFACE100\MYFACE100\DEBUG\VC100.PDB
